<?xml version="1.0" encoding="UTF-8"?>
<!-- Generated by org.testng.reporters.JUnitReportReporter -->
<testsuite skipped="0" hostname="DESKTOP-RUAD0RO" name="TestCases.TestCase_01" tests="1" failures="0" timestamp="11 Dec 2019 17:23:36 GMT" time="27.472" errors="0">
  <testcase name="TC_001" time="27.472" classname="TestCases.TestCase_01"/>
</testsuite> <!-- TestCases.TestCase_01 -->
