<?xml version="1.0" encoding="UTF-8"?>
<!-- Generated by org.testng.reporters.JUnitReportReporter -->
<testsuite skipped="0" hostname="DESKTOP-RUAD0RO" name="Package1.TestCases" tests="3" failures="0" timestamp="18 Dec 2019 16:39:14 GMT" time="0.015" errors="0">
  <testcase name="TC_03" time="0.002" classname="Package1.TestCases"/>
  <testcase name="TC_01" time="0.010" classname="Package1.TestCases"/>
  <testcase name="TC_02" time="0.003" classname="Package1.TestCases"/>
</testsuite> <!-- Package1.TestCases -->
