<?xml version="1.0" encoding="UTF-8"?>
<!-- Generated by org.testng.reporters.JUnitReportReporter -->
<testsuite skipped="0" hostname="DESKTOP-RUAD0RO" name="Package1.TestCases" tests="3" failures="0" timestamp="19 Dec 2019 03:18:43 GMT" time="0.005" errors="0">
  <testcase name="TC_01" time="0.005" classname="Package1.TestCases"/>
  <testcase name="TC_02" time="0.000" classname="Package1.TestCases"/>
  <testcase name="TC_03" time="0.000" classname="Package1.TestCases"/>
</testsuite> <!-- Package1.TestCases -->
