<?xml version="1.0" encoding="UTF-8"?>
<!-- Generated by org.testng.reporters.JUnitReportReporter -->
<testsuite skipped="0" hostname="DESKTOP-RUAD0RO" name="Package1.TestCases" tests="3" failures="0" timestamp="20 Dec 2019 17:08:15 GMT" time="0.004" errors="0">
  <testcase name="TC_01" time="0.003" classname="Package1.TestCases"/>
  <testcase name="TC_02" time="0.000" classname="Package1.TestCases"/>
  <testcase name="TC_03" time="0.001" classname="Package1.TestCases"/>
</testsuite> <!-- Package1.TestCases -->
